Analysis & Synthesis report for JB6502ATF1508PLCC
Sat Jul 23 02:49:03 2022
Quartus II 64-Bit Version 13.0.1 Build 232 06/12/2013 Service Pack 1 SJ Web Edition


---------------------
; Table of Contents ;
---------------------
  1. Legal Notice
  2. Analysis & Synthesis Summary
  3. Analysis & Synthesis Settings
  4. Parallel Compilation
  5. Analysis & Synthesis Source Files Read
  6. Analysis & Synthesis Resource Usage Summary
  7. Analysis & Synthesis Resource Utilization by Entity
  8. Analysis & Synthesis Messages
  9. Analysis & Synthesis Suppressed Messages



----------------
; Legal Notice ;
----------------
Copyright (C) 1991-2013 Altera Corporation
Your use of Altera Corporation's design tools, logic functions 
and other software and tools, and its AMPP partner logic 
functions, and any output files from any of the foregoing 
(including device programming or simulation files), and any 
associated documentation or information are expressly subject 
to the terms and conditions of the Altera Program License 
Subscription Agreement, Altera MegaCore Function License 
Agreement, or other applicable license agreement, including, 
without limitation, that your use is for the sole purpose of 
programming logic devices manufactured by Altera and sold by 
Altera or its authorized distributors.  Please refer to the 
applicable agreement for further details.



+-------------------------------------------------------------------------------+
; Analysis & Synthesis Summary                                                  ;
+-----------------------------+-------------------------------------------------+
; Analysis & Synthesis Status ; Successful - Sat Jul 23 02:49:03 2022           ;
; Quartus II 64-Bit Version   ; 13.0.1 Build 232 06/12/2013 SP 1 SJ Web Edition ;
; Revision Name               ; JB6502ATF1508PLCC                               ;
; Top-level Entity Name       ; JB6502ATF1508PLCC                               ;
; Family                      ; MAX7000S                                        ;
; Total macrocells            ; 42                                              ;
; Total pins                  ; 52                                              ;
+-----------------------------+-------------------------------------------------+


+--------------------------------------------------------------------------------------------------------------------+
; Analysis & Synthesis Settings                                                                                      ;
+----------------------------------------------------------------------------+-------------------+-------------------+
; Option                                                                     ; Setting           ; Default Value     ;
+----------------------------------------------------------------------------+-------------------+-------------------+
; Device                                                                     ; EPM7064SLC84-10   ;                   ;
; Top-level entity name                                                      ; JB6502ATF1508PLCC ; JB6502ATF1508PLCC ;
; Family name                                                                ; MAX7000S          ; Cyclone IV GX     ;
; Use smart compilation                                                      ; Off               ; Off               ;
; Enable parallel Assembler and TimeQuest Timing Analyzer during compilation ; On                ; On                ;
; Enable compact report table                                                ; Off               ; Off               ;
; Create Debugging Nodes for IP Cores                                        ; Off               ; Off               ;
; Preserve fewer node names                                                  ; On                ; On                ;
; Disable OpenCore Plus hardware evaluation                                  ; Off               ; Off               ;
; Verilog Version                                                            ; Verilog_2001      ; Verilog_2001      ;
; VHDL Version                                                               ; VHDL_1993         ; VHDL_1993         ;
; State Machine Processing                                                   ; Auto              ; Auto              ;
; Safe State Machine                                                         ; Off               ; Off               ;
; Extract Verilog State Machines                                             ; On                ; On                ;
; Extract VHDL State Machines                                                ; On                ; On                ;
; Ignore Verilog initial constructs                                          ; Off               ; Off               ;
; Iteration limit for constant Verilog loops                                 ; 5000              ; 5000              ;
; Iteration limit for non-constant Verilog loops                             ; 250               ; 250               ;
; Add Pass-Through Logic to Inferred RAMs                                    ; On                ; On                ;
; Infer RAMs from Raw Logic                                                  ; On                ; On                ;
; Parallel Synthesis                                                         ; On                ; On                ;
; NOT Gate Push-Back                                                         ; On                ; On                ;
; Power-Up Don't Care                                                        ; On                ; On                ;
; Remove Duplicate Registers                                                 ; On                ; On                ;
; Ignore CARRY Buffers                                                       ; Off               ; Off               ;
; Ignore CASCADE Buffers                                                     ; Off               ; Off               ;
; Ignore GLOBAL Buffers                                                      ; Off               ; Off               ;
; Ignore ROW GLOBAL Buffers                                                  ; Off               ; Off               ;
; Ignore LCELL Buffers                                                       ; Auto              ; Auto              ;
; Ignore SOFT Buffers                                                        ; Off               ; Off               ;
; Limit AHDL Integers to 32 Bits                                             ; Off               ; Off               ;
; Optimization Technique                                                     ; Speed             ; Speed             ;
; Allow XOR Gate Usage                                                       ; On                ; On                ;
; Auto Logic Cell Insertion                                                  ; On                ; On                ;
; Parallel Expander Chain Length                                             ; 4                 ; 4                 ;
; Auto Parallel Expanders                                                    ; On                ; On                ;
; Auto Open-Drain Pins                                                       ; On                ; On                ;
; Auto Resource Sharing                                                      ; Off               ; Off               ;
; Maximum Fan-in Per Macrocell                                               ; 100               ; 100               ;
; Use LogicLock Constraints during Resource Balancing                        ; On                ; On                ;
; Ignore translate_off and synthesis_off directives                          ; Off               ; Off               ;
; Report Parameter Settings                                                  ; On                ; On                ;
; Report Source Assignments                                                  ; On                ; On                ;
; Report Connectivity Checks                                                 ; On                ; On                ;
; HDL message level                                                          ; Level2            ; Level2            ;
; Suppress Register Optimization Related Messages                            ; Off               ; Off               ;
; Number of Removed Registers Reported in Synthesis Report                   ; 5000              ; 5000              ;
; Number of Swept Nodes Reported in Synthesis Report                         ; 5000              ; 5000              ;
; Number of Inverted Registers Reported in Synthesis Report                  ; 100               ; 100               ;
; Block Design Naming                                                        ; Auto              ; Auto              ;
; Synthesis Effort                                                           ; Auto              ; Auto              ;
; Shift Register Replacement - Allow Asynchronous Clear Signal               ; On                ; On                ;
; Pre-Mapping Resynthesis Optimization                                       ; Off               ; Off               ;
; Analysis & Synthesis Message Level                                         ; Medium            ; Medium            ;
; Disable Register Merging Across Hierarchies                                ; Auto              ; Auto              ;
; Synthesis Seed                                                             ; 1                 ; 1                 ;
+----------------------------------------------------------------------------+-------------------+-------------------+


Parallel compilation was disabled, but you have multiple processors available. Enable parallel compilation to reduce compilation time.
+-------------------------------------+
; Parallel Compilation                ;
+----------------------------+--------+
; Processors                 ; Number ;
+----------------------------+--------+
; Number detected on machine ; 12     ;
; Maximum allowed            ; 1      ;
+----------------------------+--------+


+------------------------------------------------------------------------------------------------------------------------------------------------------+
; Analysis & Synthesis Source Files Read                                                                                                               ;
+----------------------------------+-----------------+------------------------+--------------------------------------------------------------+---------+
; File Name with User-Entered Path ; Used in Netlist ; File Type              ; File Name with Absolute Path                                 ; Library ;
+----------------------------------+-----------------+------------------------+--------------------------------------------------------------+---------+
; JB6502ATF1508PLCC.v              ; yes             ; User Verilog HDL File  ; D:/_Dev/X16/JBX16/CPLD/JB6502ATF1508PLCC/JB6502ATF1508PLCC.v ;         ;
+----------------------------------+-----------------+------------------------+--------------------------------------------------------------+---------+


+---------------------------------------------+
; Analysis & Synthesis Resource Usage Summary ;
+----------------------+----------------------+
; Resource             ; Usage                ;
+----------------------+----------------------+
; Logic cells          ; 42                   ;
; Total registers      ; 20                   ;
; I/O pins             ; 52                   ;
; Maximum fan-out node ; adrBusHi[6]          ;
; Maximum fan-out      ; 38                   ;
; Total fan-out        ; 568                  ;
; Average fan-out      ; 6.04                 ;
+----------------------+----------------------+


+-------------------------------------------------------------------------------------+
; Analysis & Synthesis Resource Utilization by Entity                                 ;
+----------------------------+------------+------+---------------------+--------------+
; Compilation Hierarchy Node ; Macrocells ; Pins ; Full Hierarchy Name ; Library Name ;
+----------------------------+------------+------+---------------------+--------------+
; |JB6502ATF1508PLCC         ; 42         ; 52   ; |JB6502ATF1508PLCC  ; work         ;
+----------------------------+------------+------+---------------------+--------------+


+-------------------------------+
; Analysis & Synthesis Messages ;
+-------------------------------+
Info: *******************************************************************
Info: Running Quartus II 64-Bit Analysis & Synthesis
    Info: Version 13.0.1 Build 232 06/12/2013 Service Pack 1 SJ Web Edition
    Info: Processing started: Sat Jul 23 02:49:03 2022
Info: Command: quartus_map --read_settings_files=on --write_settings_files=off JB6502ATF1508PLCC -c JB6502ATF1508PLCC
Warning (20028): Parallel compilation is not licensed and has been disabled
Info (12021): Found 1 design units, including 1 entities, in source file jb6502atf1508plcc.v
    Info (12023): Found entity 1: JB6502ATF1508PLCC
Info (12127): Elaborating entity "JB6502ATF1508PLCC" for the top level hierarchy
Warning (10230): Verilog HDL assignment warning at JB6502ATF1508PLCC.v(80): truncated value with size 32 to match size of target (1)
Warning (13046): Tri-state node(s) do not directly drive top-level pin(s)
    Warning (13047): Converted the fan-out from the tri-state buffer "v1En" to the node "datDD" into an OR gate
Info (280013): Promoted pin-driven signal(s) to global signal
    Info (280014): Promoted clock signal driven by pin "clk" to global clock signal
    Info (280016): Promoted output enable signal driven by pin "oe" to global output enable signal
Info (21057): Implemented 94 device resources after synthesis - the final resource count might be different
    Info (21058): Implemented 28 input pins
    Info (21059): Implemented 24 output pins
    Info (21063): Implemented 42 macrocells
Info (144001): Generated suppressed messages file D:/_Dev/X16/JBX16/CPLD/JB6502ATF1508PLCC/output_files/JB6502ATF1508PLCC.map.smsg
Info: Quartus II 64-Bit Analysis & Synthesis was successful. 0 errors, 4 warnings
    Info: Peak virtual memory: 4555 megabytes
    Info: Processing ended: Sat Jul 23 02:49:03 2022
    Info: Elapsed time: 00:00:00
    Info: Total CPU time (on all processors): 00:00:01


+------------------------------------------+
; Analysis & Synthesis Suppressed Messages ;
+------------------------------------------+
The suppressed messages can be found in D:/_Dev/X16/JBX16/CPLD/JB6502ATF1508PLCC/output_files/JB6502ATF1508PLCC.map.smsg.


